INFO [2025-05-23 15:24:01] $x
INFO [2025-05-23 15:24:01] list(Smoking = smoking_degs, Aging = aging_degs)
INFO [2025-05-23 15:24:01] 
INFO [2025-05-23 15:24:01] $filename
INFO [2025-05-23 15:24:01] [1] "deg_comparison_venn.pdf"
INFO [2025-05-23 15:24:01] 
INFO [2025-05-23 15:24:01] $imagetype
INFO [2025-05-23 15:24:01] [1] "pdf"
INFO [2025-05-23 15:24:01] 
INFO [2025-05-23 15:24:01] $height
INFO [2025-05-23 15:24:01] [1] 3000
INFO [2025-05-23 15:24:01] 
INFO [2025-05-23 15:24:01] $width
INFO [2025-05-23 15:24:01] [1] 3000
INFO [2025-05-23 15:24:01] 
INFO [2025-05-23 15:24:01] $resolution
INFO [2025-05-23 15:24:01] [1] 300
INFO [2025-05-23 15:24:01] 
INFO [2025-05-23 15:24:01] $compression
INFO [2025-05-23 15:24:01] [1] "lzw"
INFO [2025-05-23 15:24:01] 
INFO [2025-05-23 15:24:01] $lwd
INFO [2025-05-23 15:24:01] [1] 2
INFO [2025-05-23 15:24:01] 
INFO [2025-05-23 15:24:01] $col
INFO [2025-05-23 15:24:01] c("#440154FF", "#21908CFF")
INFO [2025-05-23 15:24:01] 
INFO [2025-05-23 15:24:01] $fill
INFO [2025-05-23 15:24:01] c(alpha("#440154FF", 0.3), alpha("#21908CFF", 0.3))
INFO [2025-05-23 15:24:01] 
INFO [2025-05-23 15:24:01] $main
INFO [2025-05-23 15:24:01] [1] "Comparison of Smoking and Aging DEGs"
INFO [2025-05-23 15:24:01] 
ERROR [2025-05-23 15:24:01] You have misspelled your "imagetype", please try again
