INFO [2025-05-23 15:26:26] $x
INFO [2025-05-23 15:26:26] list(Smoking = smoking_degs, Aging = aging_degs)
INFO [2025-05-23 15:26:26] 
INFO [2025-05-23 15:26:26] $filename
INFO [2025-05-23 15:26:26] NULL
INFO [2025-05-23 15:26:26] 
INFO [2025-05-23 15:26:26] $imagetype
INFO [2025-05-23 15:26:26] [1] "png"
INFO [2025-05-23 15:26:26] 
INFO [2025-05-23 15:26:26] $height
INFO [2025-05-23 15:26:26] [1] 3000
INFO [2025-05-23 15:26:26] 
INFO [2025-05-23 15:26:26] $width
INFO [2025-05-23 15:26:26] [1] 3000
INFO [2025-05-23 15:26:26] 
INFO [2025-05-23 15:26:26] $resolution
INFO [2025-05-23 15:26:26] [1] 300
INFO [2025-05-23 15:26:26] 
INFO [2025-05-23 15:26:26] $compression
INFO [2025-05-23 15:26:26] [1] "lzw"
INFO [2025-05-23 15:26:26] 
INFO [2025-05-23 15:26:26] $lwd
INFO [2025-05-23 15:26:26] [1] 2
INFO [2025-05-23 15:26:26] 
INFO [2025-05-23 15:26:26] $col
INFO [2025-05-23 15:26:26] c("#440154FF", "#21908CFF")
INFO [2025-05-23 15:26:26] 
INFO [2025-05-23 15:26:26] $fill
INFO [2025-05-23 15:26:26] c(alpha("#440154FF", 0.3), alpha("#21908CFF", 0.3))
INFO [2025-05-23 15:26:26] 
INFO [2025-05-23 15:26:26] $main
INFO [2025-05-23 15:26:26] [1] "Comparison of Smoking and Aging DEGs"
INFO [2025-05-23 15:26:26] 
